<?xml version="1.0" encoding="UTF-8"?>
<!-- Generated by org.testng.reporters.JUnitXMLReporter -->
<testsuite hostname="DESKTOP-M631KOO" ignored="0" name="LEGO tests" tests="2" failures="2" timestamp="20 jun 2021 19:44:56 GMT" time="41.51" errors="0">
  <testcase name="lego_test_01" time="14.335" classname="com.lego.tests.Lego_Test_01">
    <failure type="java.lang.AssertionError" message="Header title is not good! expected [true] but found [false]">
      <![CDATA[java.lang.AssertionError: Header title is not good! expected [true] but found [false]
	at com.lego.page.FourPlusPage.verifyAndNavigate(FourPlusPage.java:46)
	at com.lego.tests.Lego_Test_01.lego_test_01(Lego_Test_01.java:22)
... Removed 28 stack frames]]>
    </failure>
  </testcase> <!-- lego_test_01 -->
  <testcase name="lego_test_02" time="11.585" classname="com.lego.tests.Lego_Test_02">
    <failure type="java.lang.AssertionError" message="Product name is not displayed well! expected [true] but found [false]">
      <![CDATA[java.lang.AssertionError: Product name is not displayed well! expected [true] but found [false]
	at com.lego.page.ProductPreview.verifyProduct(ProductPreview.java:38)
	at com.lego.tests.Lego_Test_02.lego_test_02(Lego_Test_02.java:22)
... Removed 28 stack frames]]>
    </failure>
  </testcase> <!-- lego_test_02 -->
</testsuite> <!-- LEGO tests -->
