<?xml version="1.0" encoding="UTF-8"?>
<testng-results skipped="0" failed="0" ignored="0" total="1" passed="1">
  <reporter-output>
  </reporter-output>
  <suite name="Default suite" duration-ms="26699" started-at="2021-06-21T06:40:26Z" finished-at="2021-06-21T06:40:53Z">
    <groups>
    </groups>
    <test name="Default test" duration-ms="26699" started-at="2021-06-21T06:40:26Z" finished-at="2021-06-21T06:40:53Z">
      <class name="com.lego.tests.Lego_Test_02">
        <test-method status="PASS" signature="setUp(java.lang.String)[pri:0, instance:com.lego.tests.Lego_Test_02@5442a311]" name="setUp" is-config="true" duration-ms="7776" started-at="2021-06-21T08:40:26Z" finished-at="2021-06-21T08:40:34Z">
          <params>
            <param index="0">
              <value>
                <![CDATA[chrome]]>
              </value>
            </param>
          </params>
          <reporter-output>
          </reporter-output>
        </test-method> <!-- setUp -->
        <test-method status="PASS" signature="lego_test_02()[pri:0, instance:com.lego.tests.Lego_Test_02@5442a311]" name="lego_test_02" duration-ms="17878" started-at="2021-06-21T08:40:34Z" finished-at="2021-06-21T08:40:52Z">
          <reporter-output>
          </reporter-output>
        </test-method> <!-- lego_test_02 -->
        <test-method status="PASS" signature="cleanUp()[pri:0, instance:com.lego.tests.Lego_Test_02@5442a311]" name="cleanUp" is-config="true" duration-ms="1005" started-at="2021-06-21T08:40:52Z" finished-at="2021-06-21T08:40:53Z">
          <reporter-output>
          </reporter-output>
        </test-method> <!-- cleanUp -->
      </class> <!-- com.lego.tests.Lego_Test_02 -->
    </test> <!-- Default test -->
  </suite> <!-- Default suite -->
</testng-results>
