<?xml version="1.0" encoding="UTF-8"?>
<testsuite xmlns:xsi="http://www.w3.org/2001/XMLSchema-instance" xsi:schemaLocation="https://maven.apache.org/surefire/maven-surefire-plugin/xsd/surefire-test-report.xsd" name="TestSuite" time="50.148" tests="2" errors="0" skipped="0" failures="1">
  <properties>
[...]
</properties>
  <testcase name="lego_test_01" classname="com.lego.tests.Lego_Test_01" time="19.5"/>
  <testcase name="lego_test_02" classname="com.lego.tests.Lego_Test_02" time="15.994">
    <failure message="Product name is not displayed well! expected [true] but found [false]" type="java.lang.AssertionError">java.lang.AssertionError: Product name is not displayed well! expected [true] but found [false]
	at com.lego.tests.Lego_Test_02.lego_test_02(Lego_Test_02.java:22)
</failure>
    <system-err><![CDATA[Starting ChromeDriver 2.42.591088 (7b2b2dca23cca0862f674758c9a3933e685c27d5) on port 15365
Only local connections are allowed.
[1624219320.593][WARNING]: Timed out connecting to Chrome, retrying...
jun 20, 2021 10:02:02 PM org.openqa.selenium.remote.ProtocolHandshake createSession
INFO: Detected dialect: OSS
]]></system-err>
  </testcase>
</testsuite>