-------------------------------------------------------------------------------
Test set: TestSuite
-------------------------------------------------------------------------------
Tests run: 2, Failures: 1, Errors: 0, Skipped: 0, Time elapsed: 50.148 sec <<< FAILURE! - in TestSuite
lego_test_02(com.lego.tests.Lego_Test_02)  Time elapsed: 15.994 sec  <<< FAILURE!
java.lang.AssertionError: Product name is not displayed well! expected [true] but found [false]
	at com.lego.tests.Lego_Test_02.lego_test_02(Lego_Test_02.java:22)

